#
# There is insufficient memory for the Java Runtime Environment to continue.
# Native memory allocation (malloc) failed to allocate 633488 bytes for Chunk::new
# Possible reasons:
#   The system is out of physical RAM or swap space
#   In 32 bit mode, the process size limit was hit
# Possible solutions:
#   Reduce memory load on the system
#   Increase physical memory or swap space
#   Check if swap backing store is full
#   Use 64 bit Java on a 64 bit OS
#   Decrease Java heap size (-Xmx/-Xms)
#   Decrease number of Java threads
#   Decrease Java thread stack sizes (-Xss)
#   Set larger code cache with -XX:ReservedCodeCacheSize=
# This output file may be truncated or incomplete.
#
#  Out of Memory Error (allocation.cpp:390), pid=6540, tid=7400
#
# JRE version: Java(TM) SE Runtime Environment (8.0_73-b02) (build 1.8.0_73-b02)
# Java VM: Java HotSpot(TM) 64-Bit Server VM (25.73-b02 mixed mode windows-amd64 compressed oops)
# Failed to write core dump. Minidumps are not enabled by default on client versions of Windows
#

---------------  T H R E A D  ---------------

Current thread (0x00000000145e9000):  JavaThread "C2 CompilerThread0" daemon [_thread_in_native, id=7400, stack(0x0000000015630000,0x0000000015730000)]

Stack: [0x0000000015630000,0x0000000015730000]
[error occurred during error reporting (printing stack bounds), id 0xc0000005]

Native frames: (J=compiled Java code, j=interpreted, Vv=VM code, C=native code)


Current CompileTask:
C2:  13564 1513   !   4       com.android.dx.cf.code.Ropper::processBlock (1101 bytes)


---------------  P R O C E S S  ---------------

Java Threads: ( => current thread )
  0x0000000015c46000 JavaThread "pool-1-thread-4" [_thread_in_vm, id=6368, stack(0x0000000016230000,0x0000000016330000)]
  0x0000000015c45000 JavaThread "pool-1-thread-3" [_thread_blocked, id=5832, stack(0x0000000016130000,0x0000000016230000)]
  0x0000000015c3d000 JavaThread "pool-1-thread-2" [_thread_in_Java, id=7220, stack(0x0000000016030000,0x0000000016130000)]
  0x0000000015c7c800 JavaThread "pool-2-thread-1" [_thread_blocked, id=8120, stack(0x0000000015f30000,0x0000000016030000)]
  0x0000000015c77800 JavaThread "pool-1-thread-1" [_thread_blocked, id=8108, stack(0x0000000015e30000,0x0000000015f30000)]
  0x000000001464b000 JavaThread "Service Thread" daemon [_thread_blocked, id=196, stack(0x0000000015830000,0x0000000015930000)]
  0x0000000014644000 JavaThread "C1 CompilerThread1" daemon [_thread_blocked, id=7424, stack(0x0000000015730000,0x0000000015830000)]
=>0x00000000145e9000 JavaThread "C2 CompilerThread0" daemon [_thread_in_native, id=7400, stack(0x0000000015630000,0x0000000015730000)]
  0x00000000145e7800 JavaThread "Attach Listener" daemon [_thread_blocked, id=4948, stack(0x0000000015530000,0x0000000015630000)]
  0x000000000215e000 JavaThread "Signal Dispatcher" daemon [_thread_blocked, id=2432, stack(0x0000000015430000,0x0000000015530000)]
  0x000000000214d800 JavaThread "Finalizer" daemon [_thread_blocked, id=7816, stack(0x0000000015240000,0x0000000015340000)]
  0x0000000002149800 JavaThread "Reference Handler" daemon [_thread_blocked, id=1892, stack(0x0000000015140000,0x0000000015240000)]
  0x0000000002060800 JavaThread "main" [_thread_blocked, id=7096, stack(0x0000000001e60000,0x0000000001f60000)]

Other Threads:
  0x00000000145b6000 VMThread [stack: 0x0000000015040000,0x0000000015140000] [id=7368]
  0x0000000014657000 WatcherThread [stack: 0x0000000015930000,0x0000000015a30000] [id=7720]

VM state:not at safepoint (normal execution)

VM Mutex/Monitor currently owned by a thread: None

Heap:
 PSYoungGen      total 35328K, used 27942K [0x00000000eab00000, 0x00000000ed000000, 0x0000000100000000)
  eden space 32768K, 77% used [0x00000000eab00000,0x00000000ec3d1af0,0x00000000ecb00000)
  from space 2560K, 98% used [0x00000000ecd80000,0x00000000ecff8048,0x00000000ed000000)
  to   space 2560K, 0% used [0x00000000ecb00000,0x00000000ecb00000,0x00000000ecd80000)
 ParOldGen       total 44032K, used 3892K [0x00000000c0000000, 0x00000000c2b00000, 0x00000000eab00000)
  object space 44032K, 8% used [0x00000000c0000000,0x00000000c03cd078,0x00000000c2b00000)
 Metaspace       used 6202K, capacity 7088K, committed 7296K, reserved 1056768K
  class space    used 602K, capacity 616K, committed 640K, reserved 1048576K

Card table byte_map: [0x0000000011520000,0x0000000011730000] byte_map_base: 0x0000000010f20000

Marking Bits: (ParMarkBitMap*) 0x000000005da50600
 Begin Bits: [0x0000000011a90000, 0x0000000012a90000)
 End Bits:   [0x0000000012a90000, 0x0000000013a90000)

Polling page: 0x00000000005c0000

CodeCache: size=245760Kb used=6853Kb max_used=6853Kb free=238906Kb
 bounds [0x0000000002160000, 0x0000000002820000, 0x0000000011160000]
 total_blobs=1780 nmethods=1513 adapters=182
 compilation: enabled

Compilation events (10 events):
Event: 13.275 Thread 0x0000000014644000 1516       3       com.android.dx.ssa.back.FirstFitLocalCombiningAllocator$1::visitPhiInsn (6 bytes)
Event: 13.276 Thread 0x0000000014644000 nmethod 1516 0x0000000002794a10 code [0x0000000002794b80, 0x0000000002794d08]
Event: 13.276 Thread 0x0000000014644000 1517       3       com.android.dx.ssa.back.FirstFitLocalCombiningAllocator::processPhiInsn (255 bytes)
Event: 13.279 Thread 0x0000000014644000 nmethod 1517 0x0000000002814d50 code [0x0000000002815140, 0x00000000028175f8]
Event: 13.279 Thread 0x0000000014644000 1518       3       com.android.dx.ssa.back.SsaToRop$PhiVisitor::visitPhiInsn (67 bytes)
Event: 13.281 Thread 0x0000000014644000 nmethod 1518 0x0000000002803ad0 code [0x0000000002803d40, 0x0000000002804d48]
Event: 13.284 Thread 0x0000000014644000 1520       3       com.android.dx.cf.code.BaseMachine::getLocalTarget (151 bytes)
Event: 13.285 Thread 0x0000000014644000 nmethod 1520 0x000000000280d1d0 code [0x000000000280d480, 0x000000000280e648]
Event: 13.285 Thread 0x0000000014644000 1521       3       com.android.dx.rop.code.Rops::opPutField (97 bytes)
Event: 13.286 Thread 0x0000000014644000 nmethod 1521 0x000000000280bd90 code [0x000000000280bfc0, 0x000000000280cc38]

GC Heap History (4 events):
Event: 6.505 GC heap before
{Heap before GC invocations=1 (full 0):
 PSYoungGen      total 18944K, used 16384K [0x00000000eab00000, 0x00000000ec000000, 0x0000000100000000)
  eden space 16384K, 100% used [0x00000000eab00000,0x00000000ebb00000,0x00000000ebb00000)
  from space 2560K, 0% used [0x00000000ebd80000,0x00000000ebd80000,0x00000000ec000000)
  to   space 2560K, 0% used [0x00000000ebb00000,0x00000000ebb00000,0x00000000ebd80000)
 ParOldGen       total 44032K, used 0K [0x00000000c0000000, 0x00000000c2b00000, 0x00000000eab00000)
  object space 44032K, 0% used [0x00000000c0000000,0x00000000c0000000,0x00000000c2b00000)
 Metaspace       used 5870K, capacity 6832K, committed 7040K, reserved 1056768K
  class space    used 598K, capacity 616K, committed 640K, reserved 1048576K
Event: 6.574 GC heap after
Heap after GC invocations=1 (full 0):
 PSYoungGen      total 18944K, used 2535K [0x00000000eab00000, 0x00000000ed000000, 0x0000000100000000)
  eden space 16384K, 0% used [0x00000000eab00000,0x00000000eab00000,0x00000000ebb00000)
  from space 2560K, 99% used [0x00000000ebb00000,0x00000000ebd79c88,0x00000000ebd80000)
  to   space 2560K, 0% used [0x00000000ecd80000,0x00000000ecd80000,0x00000000ed000000)
 ParOldGen       total 44032K, used 1419K [0x00000000c0000000, 0x00000000c2b00000, 0x00000000eab00000)
  object space 44032K, 3% used [0x00000000c0000000,0x00000000c0162d20,0x00000000c2b00000)
 Metaspace       used 5870K, capacity 6832K, committed 7040K, reserved 1056768K
  class space    used 598K, capacity 616K, committed 640K, reserved 1048576K
}
Event: 9.225 GC heap before
{Heap before GC invocations=2 (full 0):
 PSYoungGen      total 18944K, used 18919K [0x00000000eab00000, 0x00000000ed000000, 0x0000000100000000)
  eden space 16384K, 100% used [0x00000000eab00000,0x00000000ebb00000,0x00000000ebb00000)
  from space 2560K, 99% used [0x00000000ebb00000,0x00000000ebd79c88,0x00000000ebd80000)
  to   space 2560K, 0% used [0x00000000ecd80000,0x00000000ecd80000,0x00000000ed000000)
 ParOldGen       total 44032K, used 1419K [0x00000000c0000000, 0x00000000c2b00000, 0x00000000eab00000)
  object space 44032K, 3% used [0x00000000c0000000,0x00000000c0162d20,0x00000000c2b00000)
 Metaspace       used 6085K, capacity 6960K, committed 7040K, reserved 1056768K
  class space    used 600K, capacity 616K, committed 640K, reserved 1048576K
Event: 9.348 GC heap after
Heap after GC invocations=2 (full 0):
 PSYoungGen      total 35328K, used 2528K [0x00000000eab00000, 0x00000000ed000000, 0x0000000100000000)
  eden space 32768K, 0% used [0x00000000eab00000,0x00000000eab00000,0x00000000ecb00000)
  from space 2560K, 98% used [0x00000000ecd80000,0x00000000ecff8048,0x00000000ed000000)
  to   space 2560K, 0% used [0x00000000ecb00000,0x00000000ecb00000,0x00000000ecd80000)
 ParOldGen       total 44032K, used 3892K [0x00000000c0000000, 0x00000000c2b00000, 0x00000000eab00000)
  object space 44032K, 8% used [0x00000000c0000000,0x00000000c03cd078,0x00000000c2b00000)
 Metaspace       used 6085K, capacity 6960K, committed 7040K, reserved 1056768K
  class space    used 600K, capacity 616K, committed 640K, reserved 1048576K
}

Deoptimization events (10 events):
Event: 12.168 Thread 0x0000000015c45000 Uncommon trap: reason=bimorphic action=maybe_recompile pc=0x00000000026a2388 method=com.android.dx.cf.code.BytecodeArray.parseInstruction(ILcom/android/dx/cf/code/BytecodeArray$Visitor;)I @ 2135
Event: 12.168 Thread 0x0000000015c45000 Uncommon trap: reason=unstable_if action=reinterpret pc=0x0000000002799380 method=com.android.dx.cf.code.RopperMachine.run(Lcom/android/dx/cf/code/Frame;II)V @ 927
Event: 12.209 Thread 0x0000000015c45000 Uncommon trap: reason=bimorphic action=maybe_recompile pc=0x000000000274aa80 method=com.android.dx.cf.code.BaseMachine.getLocalTarget(Z)Lcom/android/dx/rop/code/RegisterSpec; @ 70
Event: 12.209 Thread 0x0000000015c45000 Uncommon trap: reason=bimorphic action=maybe_recompile pc=0x00000000026d6514 method=com.android.dx.cf.code.BaseMachine.getLocalTarget(Z)Lcom/android/dx/rop/code/RegisterSpec; @ 70
Event: 12.209 Thread 0x0000000015c45000 Uncommon trap: reason=bimorphic action=maybe_recompile pc=0x000000000274aa80 method=com.android.dx.cf.code.BaseMachine.getLocalTarget(Z)Lcom/android/dx/rop/code/RegisterSpec; @ 70
Event: 12.209 Thread 0x0000000015c45000 Uncommon trap: reason=bimorphic action=maybe_recompile pc=0x00000000026d6514 method=com.android.dx.cf.code.BaseMachine.getLocalTarget(Z)Lcom/android/dx/rop/code/RegisterSpec; @ 70
Event: 12.219 Thread 0x0000000015c45000 Uncommon trap: reason=unstable_if action=reinterpret pc=0x00000000026a36b0 method=com.android.dx.cf.code.BytecodeArray.parseInstruction(ILcom/android/dx/cf/code/BytecodeArray$Visitor;)I @ 1198
Event: 12.244 Thread 0x0000000015c45000 Uncommon trap: reason=bimorphic action=maybe_recompile pc=0x000000000274aa80 method=com.android.dx.cf.code.BaseMachine.getLocalTarget(Z)Lcom/android/dx/rop/code/RegisterSpec; @ 70
Event: 12.252 Thread 0x0000000015c45000 Uncommon trap: reason=class_check action=maybe_recompile pc=0x00000000027446ac method=com.android.dx.rop.code.RegisterSpec.withSimpleType()Lcom/android/dx/rop/code/RegisterSpec; @ 21
Event: 12.253 Thread 0x0000000015c45000 Uncommon trap: reason=class_check action=maybe_recompile pc=0x00000000027446ac method=com.android.dx.rop.code.RegisterSpec.withSimpleType()Lcom/android/dx/rop/code/RegisterSpec; @ 21

Internal exceptions (3 events):
Event: 1.361 Thread 0x0000000002060800 Exception <a 'java/lang/NoSuchMethodError': Method sun.misc.Unsafe.defineClass(Ljava/lang/String;[BII)Ljava/lang/Class; name or signature does not match> (0x00000000eab130a0) thrown at [D:\re\puppet\workspace\8-2-build-windows-amd64-cygwin\jdk8u73\6086\hotçT‡@ŠÅõ?
Event: 1.361 Thread 0x0000000002060800 Exception <a 'java/lang/NoSuchMethodError': Method sun.misc.Unsafe.prefetchRead(Ljava/lang/Object;J)V name or signature does not match> (0x00000000eab13388) thrown at [D:\re\puppet\workspace\8-2-build-windows-amd64-cygwin\jdk8u73\6086\hotspot\src\share\vm\|±k˜“Q@
Event: 7.830 Thread 0x0000000015c77800 Implicit null exception at 0x00000000025012e2 to 0x0000000002501381

Events (10 events):
Event: 12.219 Thread 0x0000000015c45000 DEOPT UNPACKING pc=0x00000000021a556a sp=0x000000001622ead8 mode 2
Event: 12.244 Thread 0x0000000015c45000 Uncommon trap: trap_request=0xffffffc6 fr.pc=0x000000000274aa80
Event: 12.244 Thread 0x0000000015c45000 DEOPT PACKING pc=0x000000000274aa80 sp=0x000000001622df30
Event: 12.244 Thread 0x0000000015c45000 DEOPT UNPACKING pc=0x00000000021a556a sp=0x000000001622ddf8 mode 2
Event: 12.252 Thread 0x0000000015c45000 Uncommon trap: trap_request=0xffffffde fr.pc=0x00000000027446ac
Event: 12.252 Thread 0x0000000015c45000 DEOPT PACKING pc=0x00000000027446ac sp=0x000000001622eb60
Event: 12.252 Thread 0x0000000015c45000 DEOPT UNPACKING pc=0x00000000021a556a sp=0x000000001622ea78 mode 2
Event: 12.253 Thread 0x0000000015c45000 Uncommon trap: trap_request=0xffffffde fr.pc=0x00000000027446ac
Event: 12.253 Thread 0x0000000015c45000 DEOPT PACKING pc=0x00000000027446ac sp=0x000000001622eb60
Event: 12.253 Thread 0x0000000015c45000 DEOPT UNPACKING pc=0x00000000021a556a sp=0x000000001622ea78 mode 2


Dynamic libraries:
0x00007ff6cbc20000 - 0x00007ff6cbc57000 	C:\Program Files\Java\jdk1.8.0_73\bin\java.exe
0x00007ff9e98a0000 - 0x00007ff9e9a61000 	C:\WINDOWS\SYSTEM32\ntdll.dll
0x00007ff9e8870000 - 0x00007ff9e891d000 	C:\WINDOWS\system32\KERNEL32.DLL
0x00007ff9e6770000 - 0x00007ff9e6958000 	C:\WINDOWS\system32\KERNELBASE.dll
0x00007ff9e8c50000 - 0x00007ff9e8cf7000 	C:\WINDOWS\system32\ADVAPI32.dll
0x00007ff9e9140000 - 0x00007ff9e91dd000 	C:\WINDOWS\system32\msvcrt.dll
0x00007ff9e8bf0000 - 0x00007ff9e8c4b000 	C:\WINDOWS\system32\sechost.dll
0x00007ff9e9340000 - 0x00007ff9e945c000 	C:\WINDOWS\system32\RPCRT4.dll
0x00007ff9e91e0000 - 0x00007ff9e9336000 	C:\WINDOWS\system32\USER32.dll
0x00007ff9e9460000 - 0x00007ff9e95e6000 	C:\WINDOWS\system32\GDI32.dll
0x00007ff9d66c0000 - 0x00007ff9d6934000 	C:\WINDOWS\WinSxS\amd64_microsoft.windows.common-controls_6595b64144ccf1df_6.0.10586.0_none_8c15ae12515e1c22\COMCTL32.dll
0x00007ff9e9620000 - 0x00007ff9e989d000 	C:\WINDOWS\system32\combase.dll
0x00007ff9e6b20000 - 0x00007ff9e6b8a000 	C:\WINDOWS\system32\bcryptPrimitives.dll
0x00007ff9e6d70000 - 0x00007ff9e6dab000 	C:\WINDOWS\system32\IMM32.DLL
0x000000005c9a0000 - 0x000000005ca72000 	C:\Program Files\Java\jdk1.8.0_73\jre\bin\msvcr100.dll
0x000000005d240000 - 0x000000005dad0000 	C:\Program Files\Java\jdk1.8.0_73\jre\bin\server\jvm.dll
0x00007ff9e95f0000 - 0x00007ff9e95f8000 	C:\WINDOWS\system32\PSAPI.DLL
0x00007ff9e14f0000 - 0x00007ff9e14f9000 	C:\WINDOWS\SYSTEM32\WSOCK32.dll
0x00007ff9e6d00000 - 0x00007ff9e6d6b000 	C:\WINDOWS\system32\WS2_32.dll
0x00007ff9e45c0000 - 0x00007ff9e45e3000 	C:\WINDOWS\SYSTEM32\WINMM.dll
0x00007ff9e2d10000 - 0x00007ff9e2d1a000 	C:\WINDOWS\SYSTEM32\VERSION.dll
0x00007ff9e4590000 - 0x00007ff9e45bc000 	C:\WINDOWS\SYSTEM32\WINMMBASE.dll
0x00007ff9e6960000 - 0x00007ff9e69a3000 	C:\WINDOWS\system32\cfgmgr32.dll
0x000000005d230000 - 0x000000005d23f000 	C:\Program Files\Java\jdk1.8.0_73\jre\bin\verify.dll
0x000000005d200000 - 0x000000005d229000 	C:\Program Files\Java\jdk1.8.0_73\jre\bin\java.dll
0x000000005d1e0000 - 0x000000005d1f6000 	C:\Program Files\Java\jdk1.8.0_73\jre\bin\zip.dll
0x00007ff9e6e20000 - 0x00007ff9e837c000 	C:\WINDOWS\system32\SHELL32.dll
0x00007ff9e6120000 - 0x00007ff9e6765000 	C:\WINDOWS\system32\windows.storage.dll
0x00007ff9e6db0000 - 0x00007ff9e6e02000 	C:\WINDOWS\system32\shlwapi.dll
0x00007ff9e5f30000 - 0x00007ff9e5f3f000 	C:\WINDOWS\system32\kernel.appcore.dll
0x00007ff9e69b0000 - 0x00007ff9e6a65000 	C:\WINDOWS\system32\shcore.dll
0x00007ff9e5ec0000 - 0x00007ff9e5f0b000 	C:\WINDOWS\system32\powrprof.dll
0x00007ff9e5f10000 - 0x00007ff9e5f24000 	C:\WINDOWS\system32\profapi.dll

VM Arguments:
jvm_args: -Djava.awt.headless=true -Xmx1024M -Dfile.encoding=windows-1251 -Duser.country=RU -Duser.language=ru -Duser.variant 
java_command: com.android.dx.command.Main --dex --num-threads=4 --output E:\newAnd\task\app\build\intermediates\pre-dexed\debug\com.android.support-recyclerview-v7-23.2.0_d61363a196a1bba22bfe9655419ff4ecbd66523b.jar E:\newAnd\task\app\build\intermediates\exploded-aar\com.android.support\recyclerview-v7\23.2.0\jars\classes.jar
java_class_path (initial): C:\Users\taras\AppData\Local\Android\sdk\build-tools\23.0.2\lib\dx.jar
Launcher Type: SUN_STANDARD

Environment Variables:
PATH=C:\ProgramData\Oracle\Java\javapath;C:\Program Files (x86)\AMD APP\bin\x86_64;C:\Program Files (x86)\AMD APP\bin\x86;C:\WINDOWS\system32;C:\WINDOWS;C:\WINDOWS\System32\Wbem;C:\WINDOWS\System32\WindowsPowerShell\v1.0\;C:\Program Files (x86)\ATI Technologies\ATI.ACE\Core-Static;C:\Program Files (x86)\Skype\Phone\;C:\WINDOWS\system32\config\systemprofile\.dnx\bin;C:\Program Files\Microsoft DNX\Dnvm\
USERNAME=taras
OS=Windows_NT
PROCESSOR_IDENTIFIER=AMD64 Family 15 Model 107 Stepping 2, AuthenticAMD



---------------  S Y S T E M  ---------------

OS: Windows 10.0 , 64 bit Build 10586 (10.0.10586.0)

CPU:total 2 (2 cores per cpu, 1 threads per core) family 15 model 107 stepping 2, cmov, cx8, fxsr, mmx, sse, sse2, sse3, mmxext, 3dnowpref, tsc

Memory: 4k page, physical 4193588k(700344k free), swap 5561476k(5636k free)

vm_info: Java HotSpot(TM) 64-Bit Server VM (25.73-b02) for windows-amd64 JRE (1.8.0_73-b02), built on Jan 29 2016 17:38:49 by "java_re" with MS VC++ 10.0 (VS2010)

time: Fri Apr 22 23:30:04 2016
elapsed time: 13 seconds (0d 0h 0m 13s)

