#
# There is insufficient memory for the Java Runtime Environment to continue.
# Native memory allocation (malloc) failed to allocate 434656 bytes for Chunk::new
# Possible reasons:
#   The system is out of physical RAM or swap space
#   In 32 bit mode, the process size limit was hit
# Possible solutions:
#   Reduce memory load on the system
#   Increase physical memory or swap space
#   Check if swap backing store is full
#   Use 64 bit Java on a 64 bit OS
#   Decrease Java heap size (-Xmx/-Xms)
#   Decrease number of Java threads
#   Decrease Java thread stack sizes (-Xss)
#   Set larger code cache with -XX:ReservedCodeCacheSize=
# This output file may be truncated or incomplete.
#
#  Out of Memory Error (allocation.cpp:390), pid=7336, tid=7596
#
# JRE version: Java(TM) SE Runtime Environment (8.0_73-b02) (build 1.8.0_73-b02)
# Java VM: Java HotSpot(TM) 64-Bit Server VM (25.73-b02 mixed mode windows-amd64 compressed oops)
# Failed to write core dump. Minidumps are not enabled by default on client versions of Windows
#

---------------  T H R E A D  ---------------

Current thread (0x0000000014759800):  JavaThread "C2 CompilerThread0" daemon [_thread_in_native, id=7596, stack(0x0000000015790000,0x0000000015890000)]

Stack: [0x0000000015790000,0x0000000015890000]
[error occurred during error reporting (printing stack bounds), id 0xc0000005]

Native frames: (J=compiled Java code, j=interpreted, Vv=VM code, C=native code)


Current CompileTask:
C2:   6481 1026       4       com.android.dx.ssa.back.LivenessAnalyzer::handleTailRecursion (94 bytes)


---------------  P R O C E S S  ---------------

Java Threads: ( => current thread )
  0x0000000015da3800 JavaThread "pool-1-thread-4" [_thread_blocked, id=4132, stack(0x0000000016390000,0x0000000016490000)]
  0x0000000015da0800 JavaThread "pool-1-thread-3" [_thread_blocked, id=7312, stack(0x0000000016290000,0x0000000016390000)]
  0x0000000015d9a800 JavaThread "pool-1-thread-2" [_thread_blocked, id=712, stack(0x0000000016190000,0x0000000016290000)]
  0x0000000015dc8800 JavaThread "pool-2-thread-1" [_thread_blocked, id=4176, stack(0x0000000016090000,0x0000000016190000)]
  0x0000000015dc3000 JavaThread "pool-1-thread-1" [_thread_in_Java, id=1028, stack(0x0000000015f90000,0x0000000016090000)]
  0x00000000147bb000 JavaThread "Service Thread" daemon [_thread_blocked, id=8120, stack(0x0000000015990000,0x0000000015a90000)]
  0x00000000147b4000 JavaThread "C1 CompilerThread1" daemon [_thread_blocked, id=5048, stack(0x0000000015890000,0x0000000015990000)]
=>0x0000000014759800 JavaThread "C2 CompilerThread0" daemon [_thread_in_native, id=7596, stack(0x0000000015790000,0x0000000015890000)]
  0x0000000014757800 JavaThread "Attach Listener" daemon [_thread_blocked, id=7720, stack(0x0000000015690000,0x0000000015790000)]
  0x0000000014754000 JavaThread "Signal Dispatcher" daemon [_thread_blocked, id=7748, stack(0x0000000015590000,0x0000000015690000)]
  0x00000000022bd800 JavaThread "Finalizer" daemon [_thread_blocked, id=3772, stack(0x00000000153a0000,0x00000000154a0000)]
  0x00000000022b9800 JavaThread "Reference Handler" daemon [_thread_blocked, id=6368, stack(0x00000000152a0000,0x00000000153a0000)]
  0x00000000021d0800 JavaThread "main" [_thread_in_Java, id=6780, stack(0x0000000001ed0000,0x0000000001fd0000)]

Other Threads:
  0x0000000014726000 VMThread [stack: 0x00000000151a0000,0x00000000152a0000] [id=7728]
  0x00000000147be800 WatcherThread [stack: 0x0000000015a90000,0x0000000015b90000] [id=7044]

VM state:not at safepoint (normal execution)

VM Mutex/Monitor currently owned by a thread: None

Heap:
 PSYoungGen      total 18944K, used 6439K [0x00000000eab00000, 0x00000000ec000000, 0x0000000100000000)
  eden space 16384K, 23% used [0x00000000eab00000,0x00000000eaecae28,0x00000000ebb00000)
  from space 2560K, 99% used [0x00000000ebb00000,0x00000000ebd7ee00,0x00000000ebd80000)
  to   space 2560K, 0% used [0x00000000ebd80000,0x00000000ebd80000,0x00000000ec000000)
 ParOldGen       total 44032K, used 1297K [0x00000000c0000000, 0x00000000c2b00000, 0x00000000eab00000)
  object space 44032K, 2% used [0x00000000c0000000,0x00000000c0144570,0x00000000c2b00000)
 Metaspace       used 5931K, capacity 6832K, committed 7040K, reserved 1056768K
  class space    used 598K, capacity 616K, committed 640K, reserved 1048576K

Card table byte_map: [0x0000000011690000,0x00000000118a0000] byte_map_base: 0x0000000011090000

Marking Bits: (ParMarkBitMap*) 0x000000005da50600
 Begin Bits: [0x0000000011c00000, 0x0000000012c00000)
 End Bits:   [0x0000000012c00000, 0x0000000013c00000)

Polling page: 0x00000000001f0000

CodeCache: size=245760Kb used=4254Kb max_used=4254Kb free=241505Kb
 bounds [0x00000000022d0000, 0x0000000002700000, 0x00000000112d0000]
 total_blobs=1301 nmethods=1034 adapters=182
 compilation: enabled

Compilation events (10 events):
Event: 6.419 Thread 0x00000000147b4000 nmethod 1021 0x00000000026f2e50 code [0x00000000026f2fc0, 0x00000000026f3378]
Event: 6.419 Thread 0x00000000147b4000 1022       1       com.android.dx.cf.code.BasicBlocker::setPreviousOffset (6 bytes)
Event: 6.420 Thread 0x00000000147b4000 nmethod 1022 0x00000000026f6390 code [0x00000000026f64e0, 0x00000000026f65f0]
Event: 6.421 Thread 0x00000000147b4000 1023       3       com.android.dx.rop.cst.CstString::getType (4 bytes)
Event: 6.422 Thread 0x00000000147b4000 nmethod 1023 0x00000000026f6050 code [0x00000000026f61a0, 0x00000000026f62f0]
Event: 6.423 Thread 0x00000000147b4000 1024       1       com.android.dx.rop.code.PlainInsn::getCatches (4 bytes)
Event: 6.423 Thread 0x00000000147b4000 nmethod 1024 0x00000000026f5d90 code [0x00000000026f5ee0, 0x00000000026f5ff0]
Event: 6.425 Thread 0x00000000147b4000 1025       1       com.android.dx.ssa.PhiInsn::getOriginalRopInsn (2 bytes)
Event: 6.425 Thread 0x00000000147b4000 nmethod 1025 0x00000000026f5a90 code [0x00000000026f5be0, 0x00000000026f5cf0]
Event: 6.426 Thread 0x0000000014759800 1026       4       com.android.dx.ssa.back.LivenessAnalyzer::handleTailRecursion (94 bytes)

GC Heap History (2 events):
Event: 6.208 GC heap before
{Heap before GC invocations=1 (full 0):
 PSYoungGen      total 18944K, used 16384K [0x00000000eab00000, 0x00000000ec000000, 0x0000000100000000)
  eden space 16384K, 100% used [0x00000000eab00000,0x00000000ebb00000,0x00000000ebb00000)
  from space 2560K, 0% used [0x00000000ebd80000,0x00000000ebd80000,0x00000000ec000000)
  to   space 2560K, 0% used [0x00000000ebb00000,0x00000000ebb00000,0x00000000ebd80000)
 ParOldGen       total 44032K, used 0K [0x00000000c0000000, 0x00000000c2b00000, 0x00000000eab00000)
  object space 44032K, 0% used [0x00000000c0000000,0x00000000c0000000,0x00000000c2b00000)
 Metaspace       used 5895K, capacity 6832K, committed 7040K, reserved 1056768K
  class space    used 597K, capacity 616K, committed 640K, reserved 1048576K
Event: 6.360 GC heap after
Heap after GC invocations=1 (full 0):
 PSYoungGen      total 18944K, used 2555K [0x00000000eab00000, 0x00000000ec000000, 0x0000000100000000)
  eden space 16384K, 0% used [0x00000000eab00000,0x00000000eab00000,0x00000000ebb00000)
  from space 2560K, 99% used [0x00000000ebb00000,0x00000000ebd7ee00,0x00000000ebd80000)
  to   space 2560K, 0% used [0x00000000ebd80000,0x00000000ebd80000,0x00000000ec000000)
 ParOldGen       total 44032K, used 1297K [0x00000000c0000000, 0x00000000c2b00000, 0x00000000eab00000)
  object space 44032K, 2% used [0x00000000c0000000,0x00000000c0144570,0x00000000c2b00000)
 Metaspace       used 5895K, capacity 6832K, committed 7040K, reserved 1056768K
  class space    used 597K, capacity 616K, committed 640K, reserved 1048576K
}

Deoptimization events (4 events):
Event: 5.368 Thread 0x0000000015da3800 Uncommon trap: reason=class_check action=maybe_recompile pc=0x000000000259c4f0 method=com.android.dx.ssa.NormalSsaInsn.accept(Lcom/android/dx/ssa/SsaInsn$Visitor;)V @ 9
Event: 5.370 Thread 0x0000000015da3800 Uncommon trap: reason=class_check action=maybe_recompile pc=0x000000000259c4f0 method=com.android.dx.ssa.NormalSsaInsn.accept(Lcom/android/dx/ssa/SsaInsn$Visitor;)V @ 9
Event: 5.378 Thread 0x0000000015da3800 Uncommon trap: reason=class_check action=maybe_recompile pc=0x000000000259c4f0 method=com.android.dx.ssa.NormalSsaInsn.accept(Lcom/android/dx/ssa/SsaInsn$Visitor;)V @ 9
Event: 5.384 Thread 0x0000000015da3800 Uncommon trap: reason=class_check action=maybe_recompile pc=0x000000000259c4f0 method=com.android.dx.ssa.NormalSsaInsn.accept(Lcom/android/dx/ssa/SsaInsn$Visitor;)V @ 9

Internal exceptions (2 events):
Event: 1.440 Thread 0x00000000021d0800 Exception <a 'java/lang/NoSuchMethodError': Method sun.misc.Unsafe.defineClass(Ljava/lang/String;[BII)Ljava/lang/Class; name or signature does not match> (0x00000000eab130a0) thrown at [D:\re\puppet\workspace\8-2-build-windows-amd64-cygwin\jdk8u73\6086\hotMpÆð
÷?
Event: 1.440 Thread 0x00000000021d0800 Exception <a 'java/lang/NoSuchMethodError': Method sun.misc.Unsafe.prefetchRead(Ljava/lang/Object;J)V name or signature does not match> (0x00000000eab13388) thrown at [D:\re\puppet\workspace\8-2-build-windows-amd64-cygwin\jdk8u73\6086\hotspot\src\share\vm\

Events (10 events):
Event: 5.969 loading class com/android/dx/cf/code/SwitchList
Event: 5.969 loading class com/android/dx/cf/code/SwitchList done
Event: 6.105 Executing VM operation: ParallelGCFailedAllocation
Event: 6.360 Executing VM operation: ParallelGCFailedAllocation done
Event: 6.401 loading class com/android/dx/cf/attrib/AttExceptions
Event: 6.401 loading class com/android/dx/cf/attrib/AttExceptions done
Event: 6.405 Executing VM operation: EnableBiasedLocking
Event: 6.406 Executing VM operation: EnableBiasedLocking done
Event: 6.422 loading class java/util/DualPivotQuicksort
Event: 6.423 loading class java/util/DualPivotQuicksort done


Dynamic libraries:
0x00007ff6cbc20000 - 0x00007ff6cbc57000 	C:\Program Files\Java\jdk1.8.0_73\bin\java.exe
0x00007ff9e98a0000 - 0x00007ff9e9a61000 	C:\WINDOWS\SYSTEM32\ntdll.dll
0x00007ff9e8870000 - 0x00007ff9e891d000 	C:\WINDOWS\system32\KERNEL32.DLL
0x00007ff9e6770000 - 0x00007ff9e6958000 	C:\WINDOWS\system32\KERNELBASE.dll
0x00007ff9e8c50000 - 0x00007ff9e8cf7000 	C:\WINDOWS\system32\ADVAPI32.dll
0x00007ff9e9140000 - 0x00007ff9e91dd000 	C:\WINDOWS\system32\msvcrt.dll
0x00007ff9e8bf0000 - 0x00007ff9e8c4b000 	C:\WINDOWS\system32\sechost.dll
0x00007ff9e9340000 - 0x00007ff9e945c000 	C:\WINDOWS\system32\RPCRT4.dll
0x00007ff9e91e0000 - 0x00007ff9e9336000 	C:\WINDOWS\system32\USER32.dll
0x00007ff9e9460000 - 0x00007ff9e95e6000 	C:\WINDOWS\system32\GDI32.dll
0x00007ff9d66c0000 - 0x00007ff9d6934000 	C:\WINDOWS\WinSxS\amd64_microsoft.windows.common-controls_6595b64144ccf1df_6.0.10586.0_none_8c15ae12515e1c22\COMCTL32.dll
0x00007ff9e9620000 - 0x00007ff9e989d000 	C:\WINDOWS\system32\combase.dll
0x00007ff9e6b20000 - 0x00007ff9e6b8a000 	C:\WINDOWS\system32\bcryptPrimitives.dll
0x00007ff9e6d70000 - 0x00007ff9e6dab000 	C:\WINDOWS\system32\IMM32.DLL
0x000000005c9a0000 - 0x000000005ca72000 	C:\Program Files\Java\jdk1.8.0_73\jre\bin\msvcr100.dll
0x000000005d240000 - 0x000000005dad0000 	C:\Program Files\Java\jdk1.8.0_73\jre\bin\server\jvm.dll
0x00007ff9e95f0000 - 0x00007ff9e95f8000 	C:\WINDOWS\system32\PSAPI.DLL
0x00007ff9e14f0000 - 0x00007ff9e14f9000 	C:\WINDOWS\SYSTEM32\WSOCK32.dll
0x00007ff9e6d00000 - 0x00007ff9e6d6b000 	C:\WINDOWS\system32\WS2_32.dll
0x00007ff9e45c0000 - 0x00007ff9e45e3000 	C:\WINDOWS\SYSTEM32\WINMM.dll
0x00007ff9e2d10000 - 0x00007ff9e2d1a000 	C:\WINDOWS\SYSTEM32\VERSION.dll
0x00007ff9e4590000 - 0x00007ff9e45bc000 	C:\WINDOWS\SYSTEM32\WINMMBASE.dll
0x00007ff9e6960000 - 0x00007ff9e69a3000 	C:\WINDOWS\system32\cfgmgr32.dll
0x000000005d230000 - 0x000000005d23f000 	C:\Program Files\Java\jdk1.8.0_73\jre\bin\verify.dll
0x000000005d200000 - 0x000000005d229000 	C:\Program Files\Java\jdk1.8.0_73\jre\bin\java.dll
0x000000005d1e0000 - 0x000000005d1f6000 	C:\Program Files\Java\jdk1.8.0_73\jre\bin\zip.dll
0x00007ff9e6e20000 - 0x00007ff9e837c000 	C:\WINDOWS\system32\SHELL32.dll
0x00007ff9e6120000 - 0x00007ff9e6765000 	C:\WINDOWS\system32\windows.storage.dll
0x00007ff9e6db0000 - 0x00007ff9e6e02000 	C:\WINDOWS\system32\shlwapi.dll
0x00007ff9e5f30000 - 0x00007ff9e5f3f000 	C:\WINDOWS\system32\kernel.appcore.dll
0x00007ff9e69b0000 - 0x00007ff9e6a65000 	C:\WINDOWS\system32\shcore.dll
0x00007ff9e5ec0000 - 0x00007ff9e5f0b000 	C:\WINDOWS\system32\powrprof.dll
0x00007ff9e5f10000 - 0x00007ff9e5f24000 	C:\WINDOWS\system32\profapi.dll

VM Arguments:
jvm_args: -Djava.awt.headless=true -Xmx1024M -Dfile.encoding=windows-1251 -Duser.country=RU -Duser.language=ru -Duser.variant 
java_command: com.android.dx.command.Main --dex --num-threads=4 --output E:\newAnd\task\app\build\intermediates\pre-dexed\debug\com.android.support-recyclerview-v7-23.2.0_d61363a196a1bba22bfe9655419ff4ecbd66523b.jar E:\newAnd\task\app\build\intermediates\exploded-aar\com.android.support\recyclerview-v7\23.2.0\jars\classes.jar
java_class_path (initial): C:\Users\taras\AppData\Local\Android\sdk\build-tools\23.0.2\lib\dx.jar
Launcher Type: SUN_STANDARD

Environment Variables:
PATH=C:\ProgramData\Oracle\Java\javapath;C:\Program Files (x86)\AMD APP\bin\x86_64;C:\Program Files (x86)\AMD APP\bin\x86;C:\WINDOWS\system32;C:\WINDOWS;C:\WINDOWS\System32\Wbem;C:\WINDOWS\System32\WindowsPowerShell\v1.0\;C:\Program Files (x86)\ATI Technologies\ATI.ACE\Core-Static;C:\Program Files (x86)\Skype\Phone\;C:\WINDOWS\system32\config\systemprofile\.dnx\bin;C:\Program Files\Microsoft DNX\Dnvm\
USERNAME=taras
OS=Windows_NT
PROCESSOR_IDENTIFIER=AMD64 Family 15 Model 107 Stepping 2, AuthenticAMD



---------------  S Y S T E M  ---------------

OS: Windows 10.0 , 64 bit Build 10586 (10.0.10586.0)

CPU:total 2 (2 cores per cpu, 1 threads per core) family 15 model 107 stepping 2, cmov, cx8, fxsr, mmx, sse, sse2, sse3, mmxext, 3dnowpref, tsc

Memory: 4k page, physical 4193588k(651944k free), swap 5561476k(5348k free)

vm_info: Java HotSpot(TM) 64-Bit Server VM (25.73-b02) for windows-amd64 JRE (1.8.0_73-b02), built on Jan 29 2016 17:38:49 by "java_re" with MS VC++ 10.0 (VS2010)

time: Fri Apr 22 23:20:14 2016
elapsed time: 6 seconds (0d 0h 0m 6s)

